2019-03-29 15:19:05.943 [main] ERROR org.springframework.boot.SpringApplication - Application run failed
org.springframework.boot.context.properties.bind.BindException: Failed to bind properties under 'logging.level' to java.util.Map<java.lang.String, java.lang.String>
	at org.springframework.boot.context.properties.bind.Binder.handleBindError(Binder.java:249)
	at org.springframework.boot.context.properties.bind.Binder.bind(Binder.java:225)
	at org.springframework.boot.context.properties.bind.Binder.bind(Binder.java:208)
	at org.springframework.boot.context.properties.bind.Binder.bind(Binder.java:177)
	at org.springframework.boot.context.logging.LoggingApplicationListener.setLogLevels(LoggingApplicationListener.java:338)
	at org.springframework.boot.context.logging.LoggingApplicationListener.initializeFinalLoggingLevels(LoggingApplicationListener.java:319)
	at org.springframework.boot.context.logging.LoggingApplicationListener.initialize(LoggingApplicationListener.java:267)
	at org.springframework.boot.context.logging.LoggingApplicationListener.onApplicationEnvironmentPreparedEvent(LoggingApplicationListener.java:229)
	at org.springframework.boot.context.logging.LoggingApplicationListener.onApplicationEvent(LoggingApplicationListener.java:202)
	at org.springframework.context.event.SimpleApplicationEventMulticaster.doInvokeListener(SimpleApplicationEventMulticaster.java:172)
	at org.springframework.context.event.SimpleApplicationEventMulticaster.invokeListener(SimpleApplicationEventMulticaster.java:165)
	at org.springframework.context.event.SimpleApplicationEventMulticaster.multicastEvent(SimpleApplicationEventMulticaster.java:139)
	at org.springframework.context.event.SimpleApplicationEventMulticaster.multicastEvent(SimpleApplicationEventMulticaster.java:127)
	at org.springframework.boot.context.event.EventPublishingRunListener.environmentPrepared(EventPublishingRunListener.java:75)
	at org.springframework.boot.SpringApplicationRunListeners.environmentPrepared(SpringApplicationRunListeners.java:54)
	at org.springframework.boot.SpringApplication.prepareEnvironment(SpringApplication.java:347)
	at org.springframework.boot.SpringApplication.run(SpringApplication.java:306)
	at org.springframework.boot.SpringApplication.run(SpringApplication.java:1260)
	at org.springframework.boot.SpringApplication.run(SpringApplication.java:1248)
	at com.oe.account.OeApplication.main(OeApplication.java:13)
Caused by: org.springframework.core.convert.ConverterNotFoundException: No converter found capable of converting from type [java.lang.String] to type [java.util.Map<java.lang.String, java.lang.String>]
	at org.springframework.core.convert.support.GenericConversionService.handleConverterNotFound(GenericConversionService.java:321)
	at org.springframework.core.convert.support.GenericConversionService.convert(GenericConversionService.java:194)
	at org.springframework.boot.context.properties.bind.BindConverter$CompositeConversionService.convert(BindConverter.java:177)
	at org.springframework.boot.context.properties.bind.BindConverter.convert(BindConverter.java:98)
	at org.springframework.boot.context.properties.bind.BindConverter.convert(BindConverter.java:90)
	at org.springframework.boot.context.properties.bind.MapBinder.bindAggregate(MapBinder.java:65)
	at org.springframework.boot.context.properties.bind.AggregateBinder.bind(AggregateBinder.java:58)
	at org.springframework.boot.context.properties.bind.Binder.lambda$bindAggregate$2(Binder.java:304)
	at org.springframework.boot.context.properties.bind.Binder$Context.withIncreasedDepth(Binder.java:448)
	at org.springframework.boot.context.properties.bind.Binder$Context.access$100(Binder.java:388)
	at org.springframework.boot.context.properties.bind.Binder.bindAggregate(Binder.java:303)
	at org.springframework.boot.context.properties.bind.Binder.bindObject(Binder.java:261)
	at org.springframework.boot.context.properties.bind.Binder.bind(Binder.java:220)
	... 18 common frames omitted
2019-03-29 15:19:46.019 [main] INFO  com.oe.account.OeApplication - Starting OeApplication on PC-WANGWJ8 with PID 10452 (D:\work\oe-account\account-web\target\classes started by wangwj in D:\work\oe-account)
2019-03-29 15:19:46.022 [main] INFO  com.oe.account.OeApplication - No active profile set, falling back to default profiles: default
2019-03-29 15:19:46.987 [main] INFO  o.s.boot.web.embedded.tomcat.TomcatWebServer - Tomcat initialized with port(s): 8080 (http)
2019-03-29 15:19:46.997 [main] INFO  org.apache.coyote.http11.Http11NioProtocol - Initializing ProtocolHandler ["http-nio-8080"]
2019-03-29 15:19:47.004 [main] INFO  org.apache.catalina.core.StandardService - Starting service [Tomcat]
2019-03-29 15:19:47.005 [main] INFO  org.apache.catalina.core.StandardEngine - Starting Servlet Engine: Apache Tomcat/9.0.13
2019-03-29 15:19:47.010 [main] INFO  org.apache.catalina.core.AprLifecycleListener - The APR based Apache Tomcat Native library which allows optimal performance in production environments was not found on the java.library.path: [D:\deploy\java8\bin;C:\WINDOWS\Sun\Java\bin;C:\WINDOWS\system32;C:\WINDOWS;C:\Program Files\Python37\Scripts\;C:\Program Files\Python37\;C:\WINDOWS\system32;C:\WINDOWS;C:\WINDOWS\System32\Wbem;C:\WINDOWS\System32\WindowsPowerShell\v1.0\;C:\Users\wangwj\software\Git\cmd;C:\Program Files\TortoiseSVN\bin;C:\WINDOWS\System32\OpenSSH\;C:\Go\bin;C:\Users\wangwj\AppData\Local\Microsoft\WindowsApps;D:\deploy\java8\bin;D:\deploy\java8\jre\bin;;C:\Users\wangwj\software\Fiddler;C:\Users\wangwj\AppData\Local\Microsoft\WindowsApps;C:\Users\wangwj\go\bin;C:\Users\wangwj\software\ VS Code\bin;.]
2019-03-29 15:19:47.080 [main] INFO  o.a.c.core.ContainerBase.[Tomcat].[localhost].[/] - Initializing Spring embedded WebApplicationContext
2019-03-29 15:19:47.080 [main] INFO  org.springframework.web.context.ContextLoader - Root WebApplicationContext: initialization completed in 1019 ms
2019-03-29 15:19:47.250 [main] INFO  o.s.scheduling.concurrent.ThreadPoolTaskExecutor - Initializing ExecutorService 'applicationTaskExecutor'
2019-03-29 15:19:47.477 [main] INFO  org.apache.coyote.http11.Http11NioProtocol - Starting ProtocolHandler ["http-nio-8080"]
2019-03-29 15:19:47.486 [main] INFO  org.apache.tomcat.util.net.NioSelectorPool - Using a shared selector for servlet write/read
2019-03-29 15:19:47.499 [main] INFO  o.s.boot.web.embedded.tomcat.TomcatWebServer - Tomcat started on port(s): 8080 (http) with context path ''
2019-03-29 15:19:47.502 [main] INFO  com.oe.account.OeApplication - Started OeApplication in 1.84 seconds (JVM running for 2.6)
2019-03-29 15:24:35.973 [main] INFO  com.oe.account.OeApplication - Starting OeApplication on PC-WANGWJ8 with PID 9968 (D:\work\oe-account\account-web\target\classes started by wangwj in D:\work\oe-account)
2019-03-29 15:24:35.978 [main] INFO  com.oe.account.OeApplication - No active profile set, falling back to default profiles: default
2019-03-29 15:24:36.903 [main] INFO  o.s.boot.web.embedded.tomcat.TomcatWebServer - Tomcat initialized with port(s): 8080 (http)
2019-03-29 15:24:36.911 [main] INFO  org.apache.coyote.http11.Http11NioProtocol - Initializing ProtocolHandler ["http-nio-8080"]
2019-03-29 15:24:36.918 [main] INFO  org.apache.catalina.core.StandardService - Starting service [Tomcat]
2019-03-29 15:24:36.918 [main] INFO  org.apache.catalina.core.StandardEngine - Starting Servlet Engine: Apache Tomcat/9.0.13
2019-03-29 15:24:36.923 [main] INFO  org.apache.catalina.core.AprLifecycleListener - The APR based Apache Tomcat Native library which allows optimal performance in production environments was not found on the java.library.path: [D:\deploy\java8\bin;C:\WINDOWS\Sun\Java\bin;C:\WINDOWS\system32;C:\WINDOWS;C:\Program Files\Python37\Scripts\;C:\Program Files\Python37\;C:\WINDOWS\system32;C:\WINDOWS;C:\WINDOWS\System32\Wbem;C:\WINDOWS\System32\WindowsPowerShell\v1.0\;C:\Users\wangwj\software\Git\cmd;C:\Program Files\TortoiseSVN\bin;C:\WINDOWS\System32\OpenSSH\;C:\Go\bin;C:\Users\wangwj\AppData\Local\Microsoft\WindowsApps;D:\deploy\java8\bin;D:\deploy\java8\jre\bin;;C:\Users\wangwj\software\Fiddler;C:\Users\wangwj\AppData\Local\Microsoft\WindowsApps;C:\Users\wangwj\go\bin;C:\Users\wangwj\software\ VS Code\bin;.]
2019-03-29 15:24:36.986 [main] INFO  o.a.c.core.ContainerBase.[Tomcat].[localhost].[/] - Initializing Spring embedded WebApplicationContext
2019-03-29 15:24:36.986 [main] INFO  org.springframework.web.context.ContextLoader - Root WebApplicationContext: initialization completed in 967 ms
2019-03-29 15:24:37.137 [main] INFO  o.s.scheduling.concurrent.ThreadPoolTaskExecutor - Initializing ExecutorService 'applicationTaskExecutor'
2019-03-29 15:24:37.333 [main] INFO  org.apache.coyote.http11.Http11NioProtocol - Starting ProtocolHandler ["http-nio-8080"]
2019-03-29 15:24:37.342 [main] INFO  org.apache.tomcat.util.net.NioSelectorPool - Using a shared selector for servlet write/read
2019-03-29 15:24:37.354 [main] INFO  o.s.boot.web.embedded.tomcat.TomcatWebServer - Tomcat started on port(s): 8080 (http) with context path ''
2019-03-29 15:24:37.357 [main] INFO  com.oe.account.OeApplication - Started OeApplication in 1.708 seconds (JVM running for 2.48)
2019-03-29 15:26:21.752 [main] INFO  com.oe.account.OeApplication - Starting OeApplication on PC-WANGWJ8 with PID 30712 (D:\work\oe-account\account-web\target\classes started by wangwj in D:\work\oe-account)
2019-03-29 15:26:21.756 [main] INFO  com.oe.account.OeApplication - No active profile set, falling back to default profiles: default
2019-03-29 15:26:22.659 [main] INFO  o.s.boot.web.embedded.tomcat.TomcatWebServer - Tomcat initialized with port(s): 8080 (http)
2019-03-29 15:26:22.668 [main] INFO  org.apache.coyote.http11.Http11NioProtocol - Initializing ProtocolHandler ["http-nio-8080"]
2019-03-29 15:26:22.676 [main] INFO  org.apache.catalina.core.StandardService - Starting service [Tomcat]
2019-03-29 15:26:22.676 [main] INFO  org.apache.catalina.core.StandardEngine - Starting Servlet Engine: Apache Tomcat/9.0.13
2019-03-29 15:26:22.681 [main] INFO  org.apache.catalina.core.AprLifecycleListener - The APR based Apache Tomcat Native library which allows optimal performance in production environments was not found on the java.library.path: [D:\deploy\java8\bin;C:\WINDOWS\Sun\Java\bin;C:\WINDOWS\system32;C:\WINDOWS;C:\Program Files\Python37\Scripts\;C:\Program Files\Python37\;C:\WINDOWS\system32;C:\WINDOWS;C:\WINDOWS\System32\Wbem;C:\WINDOWS\System32\WindowsPowerShell\v1.0\;C:\Users\wangwj\software\Git\cmd;C:\Program Files\TortoiseSVN\bin;C:\WINDOWS\System32\OpenSSH\;C:\Go\bin;C:\Users\wangwj\AppData\Local\Microsoft\WindowsApps;D:\deploy\java8\bin;D:\deploy\java8\jre\bin;;C:\Users\wangwj\software\Fiddler;C:\Users\wangwj\AppData\Local\Microsoft\WindowsApps;C:\Users\wangwj\go\bin;C:\Users\wangwj\software\ VS Code\bin;.]
2019-03-29 15:26:22.741 [main] INFO  o.a.c.core.ContainerBase.[Tomcat].[localhost].[/] - Initializing Spring embedded WebApplicationContext
2019-03-29 15:26:22.742 [main] INFO  org.springframework.web.context.ContextLoader - Root WebApplicationContext: initialization completed in 954 ms
2019-03-29 15:26:22.899 [main] INFO  o.s.scheduling.concurrent.ThreadPoolTaskExecutor - Initializing ExecutorService 'applicationTaskExecutor'
2019-03-29 15:26:23.097 [main] INFO  org.apache.coyote.http11.Http11NioProtocol - Starting ProtocolHandler ["http-nio-8080"]
2019-03-29 15:26:23.107 [main] INFO  org.apache.tomcat.util.net.NioSelectorPool - Using a shared selector for servlet write/read
2019-03-29 15:26:23.120 [main] INFO  o.s.boot.web.embedded.tomcat.TomcatWebServer - Tomcat started on port(s): 8080 (http) with context path ''
2019-03-29 15:26:23.122 [main] INFO  com.oe.account.OeApplication - Started OeApplication in 1.739 seconds (JVM running for 2.51)
2019-03-29 15:30:33.782 [main] INFO  com.oe.account.OeApplication - Starting OeApplication on PC-WANGWJ8 with PID 15332 (D:\work\oe-account\account-web\target\classes started by wangwj in D:\work\oe-account)
2019-03-29 15:30:33.784 [main] INFO  com.oe.account.OeApplication - No active profile set, falling back to default profiles: default
2019-03-29 15:30:34.733 [main] INFO  o.s.boot.web.embedded.tomcat.TomcatWebServer - Tomcat initialized with port(s): 8080 (http)
2019-03-29 15:30:34.741 [main] INFO  org.apache.coyote.http11.Http11NioProtocol - Initializing ProtocolHandler ["http-nio-8080"]
2019-03-29 15:30:34.748 [main] INFO  org.apache.catalina.core.StandardService - Starting service [Tomcat]
2019-03-29 15:30:34.748 [main] INFO  org.apache.catalina.core.StandardEngine - Starting Servlet Engine: Apache Tomcat/9.0.13
2019-03-29 15:30:34.752 [main] INFO  org.apache.catalina.core.AprLifecycleListener - The APR based Apache Tomcat Native library which allows optimal performance in production environments was not found on the java.library.path: [D:\deploy\java8\bin;C:\WINDOWS\Sun\Java\bin;C:\WINDOWS\system32;C:\WINDOWS;C:\Program Files\Python37\Scripts\;C:\Program Files\Python37\;C:\WINDOWS\system32;C:\WINDOWS;C:\WINDOWS\System32\Wbem;C:\WINDOWS\System32\WindowsPowerShell\v1.0\;C:\Users\wangwj\software\Git\cmd;C:\Program Files\TortoiseSVN\bin;C:\WINDOWS\System32\OpenSSH\;C:\Go\bin;C:\Users\wangwj\AppData\Local\Microsoft\WindowsApps;D:\deploy\java8\bin;D:\deploy\java8\jre\bin;;C:\Users\wangwj\software\Fiddler;C:\Users\wangwj\AppData\Local\Microsoft\WindowsApps;C:\Users\wangwj\go\bin;C:\Users\wangwj\software\ VS Code\bin;.]
2019-03-29 15:30:34.814 [main] INFO  o.a.c.core.ContainerBase.[Tomcat].[localhost].[/] - Initializing Spring embedded WebApplicationContext
2019-03-29 15:30:34.814 [main] INFO  org.springframework.web.context.ContextLoader - Root WebApplicationContext: initialization completed in 989 ms
2019-03-29 15:30:34.966 [main] INFO  o.s.scheduling.concurrent.ThreadPoolTaskExecutor - Initializing ExecutorService 'applicationTaskExecutor'
2019-03-29 15:30:35.162 [main] INFO  org.apache.coyote.http11.Http11NioProtocol - Starting ProtocolHandler ["http-nio-8080"]
2019-03-29 15:30:35.170 [main] INFO  org.apache.tomcat.util.net.NioSelectorPool - Using a shared selector for servlet write/read
2019-03-29 15:30:35.184 [main] INFO  o.s.boot.web.embedded.tomcat.TomcatWebServer - Tomcat started on port(s): 8080 (http) with context path ''
2019-03-29 15:30:35.186 [main] INFO  com.oe.account.OeApplication - Started OeApplication in 1.723 seconds (JVM running for 2.586)
2019-03-29 15:31:22.494 [main] INFO  com.oe.account.OeApplication - Starting OeApplication on PC-WANGWJ8 with PID 15824 (D:\work\oe-account\account-web\target\classes started by wangwj in D:\work\oe-account)
2019-03-29 15:31:22.498 [main] INFO  com.oe.account.OeApplication - No active profile set, falling back to default profiles: default
2019-03-29 15:31:23.411 [main] INFO  o.s.boot.web.embedded.tomcat.TomcatWebServer - Tomcat initialized with port(s): 8080 (http)
2019-03-29 15:31:23.419 [main] INFO  org.apache.coyote.http11.Http11NioProtocol - Initializing ProtocolHandler ["http-nio-8080"]
2019-03-29 15:31:23.426 [main] INFO  org.apache.catalina.core.StandardService - Starting service [Tomcat]
2019-03-29 15:31:23.426 [main] INFO  org.apache.catalina.core.StandardEngine - Starting Servlet Engine: Apache Tomcat/9.0.13
2019-03-29 15:31:23.431 [main] INFO  org.apache.catalina.core.AprLifecycleListener - The APR based Apache Tomcat Native library which allows optimal performance in production environments was not found on the java.library.path: [D:\deploy\java8\bin;C:\WINDOWS\Sun\Java\bin;C:\WINDOWS\system32;C:\WINDOWS;C:\Program Files\Python37\Scripts\;C:\Program Files\Python37\;C:\WINDOWS\system32;C:\WINDOWS;C:\WINDOWS\System32\Wbem;C:\WINDOWS\System32\WindowsPowerShell\v1.0\;C:\Users\wangwj\software\Git\cmd;C:\Program Files\TortoiseSVN\bin;C:\WINDOWS\System32\OpenSSH\;C:\Go\bin;C:\Users\wangwj\AppData\Local\Microsoft\WindowsApps;D:\deploy\java8\bin;D:\deploy\java8\jre\bin;;C:\Users\wangwj\software\Fiddler;C:\Users\wangwj\AppData\Local\Microsoft\WindowsApps;C:\Users\wangwj\go\bin;C:\Users\wangwj\software\ VS Code\bin;.]
2019-03-29 15:31:23.492 [main] INFO  o.a.c.core.ContainerBase.[Tomcat].[localhost].[/] - Initializing Spring embedded WebApplicationContext
2019-03-29 15:31:23.492 [main] INFO  org.springframework.web.context.ContextLoader - Root WebApplicationContext: initialization completed in 958 ms
2019-03-29 15:31:23.648 [main] INFO  o.s.scheduling.concurrent.ThreadPoolTaskExecutor - Initializing ExecutorService 'applicationTaskExecutor'
2019-03-29 15:31:23.845 [main] INFO  org.apache.coyote.http11.Http11NioProtocol - Starting ProtocolHandler ["http-nio-8080"]
2019-03-29 15:31:23.853 [main] INFO  org.apache.tomcat.util.net.NioSelectorPool - Using a shared selector for servlet write/read
2019-03-29 15:31:23.866 [main] INFO  o.s.boot.web.embedded.tomcat.TomcatWebServer - Tomcat started on port(s): 8080 (http) with context path ''
2019-03-29 15:31:23.868 [main] INFO  com.oe.account.OeApplication - Started OeApplication in 1.695 seconds (JVM running for 2.461)
2019-03-29 15:32:45.988 [main] INFO  com.oe.account.OeApplication - Starting OeApplication on PC-WANGWJ8 with PID 4664 (D:\work\oe-account\account-web\target\classes started by wangwj in D:\work\oe-account)
2019-03-29 15:32:45.992 [main] INFO  com.oe.account.OeApplication - No active profile set, falling back to default profiles: default
2019-03-29 15:32:46.906 [main] INFO  o.s.boot.web.embedded.tomcat.TomcatWebServer - Tomcat initialized with port(s): 8080 (http)
2019-03-29 15:32:46.915 [main] INFO  org.apache.coyote.http11.Http11NioProtocol - Initializing ProtocolHandler ["http-nio-8080"]
2019-03-29 15:32:46.921 [main] INFO  org.apache.catalina.core.StandardService - Starting service [Tomcat]
2019-03-29 15:32:46.922 [main] INFO  org.apache.catalina.core.StandardEngine - Starting Servlet Engine: Apache Tomcat/9.0.13
2019-03-29 15:32:46.927 [main] INFO  org.apache.catalina.core.AprLifecycleListener - The APR based Apache Tomcat Native library which allows optimal performance in production environments was not found on the java.library.path: [D:\deploy\java8\bin;C:\WINDOWS\Sun\Java\bin;C:\WINDOWS\system32;C:\WINDOWS;C:\Program Files\Python37\Scripts\;C:\Program Files\Python37\;C:\WINDOWS\system32;C:\WINDOWS;C:\WINDOWS\System32\Wbem;C:\WINDOWS\System32\WindowsPowerShell\v1.0\;C:\Users\wangwj\software\Git\cmd;C:\Program Files\TortoiseSVN\bin;C:\WINDOWS\System32\OpenSSH\;C:\Go\bin;C:\Users\wangwj\AppData\Local\Microsoft\WindowsApps;D:\deploy\java8\bin;D:\deploy\java8\jre\bin;;C:\Users\wangwj\software\Fiddler;C:\Users\wangwj\AppData\Local\Microsoft\WindowsApps;C:\Users\wangwj\go\bin;C:\Users\wangwj\software\ VS Code\bin;.]
2019-03-29 15:32:46.989 [main] INFO  o.a.c.core.ContainerBase.[Tomcat].[localhost].[/] - Initializing Spring embedded WebApplicationContext
2019-03-29 15:32:46.989 [main] INFO  org.springframework.web.context.ContextLoader - Root WebApplicationContext: initialization completed in 952 ms
2019-03-29 15:32:47.142 [main] INFO  o.s.scheduling.concurrent.ThreadPoolTaskExecutor - Initializing ExecutorService 'applicationTaskExecutor'
2019-03-29 15:32:47.335 [main] INFO  org.apache.coyote.http11.Http11NioProtocol - Starting ProtocolHandler ["http-nio-8080"]
2019-03-29 15:32:47.343 [main] INFO  org.apache.tomcat.util.net.NioSelectorPool - Using a shared selector for servlet write/read
2019-03-29 15:32:47.356 [main] INFO  o.s.boot.web.embedded.tomcat.TomcatWebServer - Tomcat started on port(s): 8080 (http) with context path ''
2019-03-29 15:32:47.359 [main] INFO  com.oe.account.OeApplication - Started OeApplication in 1.719 seconds (JVM running for 2.516)
2019-03-29 15:34:21.280 [main] INFO  com.oe.account.OeApplication - Starting OeApplication on PC-WANGWJ8 with PID 16480 (D:\work\oe-account\account-web\target\classes started by wangwj in D:\work\oe-account)
2019-03-29 15:34:21.283 [main] INFO  com.oe.account.OeApplication - No active profile set, falling back to default profiles: default
2019-03-29 15:34:22.051 [main] INFO  o.s.boot.web.embedded.tomcat.TomcatWebServer - Tomcat initialized with port(s): 8080 (http)
2019-03-29 15:34:22.059 [main] INFO  org.apache.coyote.http11.Http11NioProtocol - Initializing ProtocolHandler ["http-nio-8080"]
2019-03-29 15:34:22.066 [main] INFO  org.apache.catalina.core.StandardService - Starting service [Tomcat]
2019-03-29 15:34:22.066 [main] INFO  org.apache.catalina.core.StandardEngine - Starting Servlet Engine: Apache Tomcat/9.0.13
2019-03-29 15:34:22.070 [main] INFO  org.apache.catalina.core.AprLifecycleListener - The APR based Apache Tomcat Native library which allows optimal performance in production environments was not found on the java.library.path: [D:\deploy\java8\bin;C:\WINDOWS\Sun\Java\bin;C:\WINDOWS\system32;C:\WINDOWS;C:\Program Files\Python37\Scripts\;C:\Program Files\Python37\;C:\WINDOWS\system32;C:\WINDOWS;C:\WINDOWS\System32\Wbem;C:\WINDOWS\System32\WindowsPowerShell\v1.0\;C:\Users\wangwj\software\Git\cmd;C:\Program Files\TortoiseSVN\bin;C:\WINDOWS\System32\OpenSSH\;C:\Go\bin;C:\Users\wangwj\AppData\Local\Microsoft\WindowsApps;D:\deploy\java8\bin;D:\deploy\java8\jre\bin;;C:\Users\wangwj\software\Fiddler;C:\Users\wangwj\AppData\Local\Microsoft\WindowsApps;C:\Users\wangwj\go\bin;C:\Users\wangwj\software\ VS Code\bin;.]
2019-03-29 15:34:22.131 [main] INFO  o.a.c.core.ContainerBase.[Tomcat].[localhost].[/] - Initializing Spring embedded WebApplicationContext
2019-03-29 15:34:22.131 [main] INFO  org.springframework.web.context.ContextLoader - Root WebApplicationContext: initialization completed in 821 ms
2019-03-29 15:34:22.346 [main] INFO  o.s.scheduling.concurrent.ThreadPoolTaskExecutor - Initializing ExecutorService 'applicationTaskExecutor'
2019-03-29 15:34:22.632 [main] WARN  o.s.b.w.s.c.AnnotationConfigServletWebServerApplicationContext - Exception encountered during context initialization - cancelling refresh attempt: org.springframework.beans.factory.BeanCreationException: Error creating bean with name 'liquibase' defined in class path resource [org/springframework/boot/autoconfigure/liquibase/LiquibaseAutoConfiguration$LiquibaseConfiguration.class]: Bean instantiation via factory method failed; nested exception is org.springframework.beans.BeanInstantiationException: Failed to instantiate [liquibase.integration.spring.SpringLiquibase]: Factory method 'liquibase' threw exception; nested exception is java.lang.NoSuchMethodError: liquibase.integration.spring.SpringLiquibase.setLiquibaseSchema(Ljava/lang/String;)V
2019-03-29 15:34:22.633 [main] INFO  o.s.scheduling.concurrent.ThreadPoolTaskExecutor - Shutting down ExecutorService 'applicationTaskExecutor'
2019-03-29 15:34:22.635 [main] INFO  org.apache.catalina.core.StandardService - Stopping service [Tomcat]
2019-03-29 15:34:22.658 [main] INFO  o.s.b.a.l.ConditionEvaluationReportLoggingListener - 

Error starting ApplicationContext. To display the conditions report re-run your application with 'debug' enabled.
2019-03-29 15:34:22.662 [main] ERROR o.s.b.diagnostics.LoggingFailureAnalysisReporter - 

***************************
APPLICATION FAILED TO START
***************************

Description:

An attempt was made to call the method liquibase.integration.spring.SpringLiquibase.setLiquibaseSchema(Ljava/lang/String;)V but it does not exist. Its class, liquibase.integration.spring.SpringLiquibase, is available from the following locations:

    jar:file:/D:/deploy/maven/repo/org/liquibase/liquibase-core/3.5.3/liquibase-core-3.5.3.jar!/liquibase/integration/spring/SpringLiquibase.class

It was loaded from the following location:

    file:/D:/deploy/maven/repo/org/liquibase/liquibase-core/3.5.3/liquibase-core-3.5.3.jar


Action:

Correct the classpath of your application so that it contains a single, compatible version of liquibase.integration.spring.SpringLiquibase

2019-03-29 15:39:22.928 [main] INFO  com.oe.account.OeApplication - Starting OeApplication on PC-WANGWJ8 with PID 30112 (D:\work\oe-account\account-web\target\classes started by wangwj in D:\work\oe-account)
2019-03-29 15:39:22.932 [main] INFO  com.oe.account.OeApplication - No active profile set, falling back to default profiles: default
2019-03-29 15:39:23.865 [main] INFO  o.s.boot.web.embedded.tomcat.TomcatWebServer - Tomcat initialized with port(s): 8080 (http)
2019-03-29 15:39:23.873 [main] INFO  org.apache.coyote.http11.Http11NioProtocol - Initializing ProtocolHandler ["http-nio-8080"]
2019-03-29 15:39:23.880 [main] INFO  org.apache.catalina.core.StandardService - Starting service [Tomcat]
2019-03-29 15:39:23.880 [main] INFO  org.apache.catalina.core.StandardEngine - Starting Servlet Engine: Apache Tomcat/9.0.13
2019-03-29 15:39:23.885 [main] INFO  org.apache.catalina.core.AprLifecycleListener - The APR based Apache Tomcat Native library which allows optimal performance in production environments was not found on the java.library.path: [D:\deploy\java8\bin;C:\WINDOWS\Sun\Java\bin;C:\WINDOWS\system32;C:\WINDOWS;C:\Program Files\Python37\Scripts\;C:\Program Files\Python37\;C:\WINDOWS\system32;C:\WINDOWS;C:\WINDOWS\System32\Wbem;C:\WINDOWS\System32\WindowsPowerShell\v1.0\;C:\Users\wangwj\software\Git\cmd;C:\Program Files\TortoiseSVN\bin;C:\WINDOWS\System32\OpenSSH\;C:\Go\bin;C:\Users\wangwj\AppData\Local\Microsoft\WindowsApps;D:\deploy\java8\bin;D:\deploy\java8\jre\bin;;C:\Users\wangwj\software\Fiddler;C:\Users\wangwj\AppData\Local\Microsoft\WindowsApps;C:\Users\wangwj\go\bin;C:\Users\wangwj\software\ VS Code\bin;.]
2019-03-29 15:39:23.949 [main] INFO  o.a.c.core.ContainerBase.[Tomcat].[localhost].[/] - Initializing Spring embedded WebApplicationContext
2019-03-29 15:39:23.949 [main] INFO  org.springframework.web.context.ContextLoader - Root WebApplicationContext: initialization completed in 976 ms
2019-03-29 15:39:24.108 [main] INFO  o.s.scheduling.concurrent.ThreadPoolTaskExecutor - Initializing ExecutorService 'applicationTaskExecutor'
2019-03-29 15:39:24.346 [main] INFO  com.alibaba.druid.pool.DruidDataSource - {dataSource-1} inited
2019-03-29 15:39:24.823 [main] INFO  liquibase.executor.jvm.JdbcExecutor - SELECT COUNT(*) FROM oe.DATABASECHANGELOGLOCK
2019-03-29 15:39:24.831 [main] INFO  liquibase.executor.jvm.JdbcExecutor - CREATE TABLE oe.DATABASECHANGELOGLOCK (ID INT NOT NULL, `LOCKED` BIT(1) NOT NULL, LOCKGRANTED datetime NULL, LOCKEDBY VARCHAR(255) NULL, CONSTRAINT PK_DATABASECHANGELOGLOCK PRIMARY KEY (ID))
2019-03-29 15:39:24.856 [main] INFO  liquibase.executor.jvm.JdbcExecutor - SELECT COUNT(*) FROM oe.DATABASECHANGELOGLOCK
2019-03-29 15:39:24.862 [main] INFO  liquibase.executor.jvm.JdbcExecutor - DELETE FROM oe.DATABASECHANGELOGLOCK
2019-03-29 15:39:24.865 [main] INFO  liquibase.executor.jvm.JdbcExecutor - INSERT INTO oe.DATABASECHANGELOGLOCK (ID, `LOCKED`) VALUES (1, 0)
2019-03-29 15:39:24.869 [main] INFO  liquibase.executor.jvm.JdbcExecutor - SELECT `LOCKED` FROM oe.DATABASECHANGELOGLOCK WHERE ID=1
2019-03-29 15:39:24.878 [main] INFO  liquibase.lockservice.StandardLockService - Successfully acquired change log lock
2019-03-29 15:39:25.336 [main] INFO  l.changelog.StandardChangeLogHistoryService - Creating database history table with name: oe.DATABASECHANGELOG
2019-03-29 15:39:25.337 [main] INFO  liquibase.executor.jvm.JdbcExecutor - CREATE TABLE oe.DATABASECHANGELOG (ID VARCHAR(255) NOT NULL, AUTHOR VARCHAR(255) NOT NULL, FILENAME VARCHAR(255) NOT NULL, DATEEXECUTED datetime NOT NULL, ORDEREXECUTED INT NOT NULL, EXECTYPE VARCHAR(10) NOT NULL, MD5SUM VARCHAR(35) NULL, `DESCRIPTION` VARCHAR(255) NULL, COMMENTS VARCHAR(255) NULL, TAG VARCHAR(255) NULL, LIQUIBASE VARCHAR(20) NULL, CONTEXTS VARCHAR(255) NULL, LABELS VARCHAR(255) NULL, DEPLOYMENT_ID VARCHAR(10) NULL)
2019-03-29 15:39:25.357 [main] INFO  liquibase.executor.jvm.JdbcExecutor - SELECT COUNT(*) FROM oe.DATABASECHANGELOG
2019-03-29 15:39:25.358 [main] INFO  l.changelog.StandardChangeLogHistoryService - Reading from oe.DATABASECHANGELOG
2019-03-29 15:39:25.359 [main] INFO  liquibase.executor.jvm.JdbcExecutor - SELECT * FROM oe.DATABASECHANGELOG ORDER BY DATEEXECUTED ASC, ORDEREXECUTED ASC
2019-03-29 15:39:25.360 [main] INFO  liquibase.executor.jvm.JdbcExecutor - SELECT COUNT(*) FROM oe.DATABASECHANGELOGLOCK
2019-03-29 15:39:25.364 [main] INFO  liquibase.executor.jvm.JdbcExecutor - CREATE TABLE oe.TablesAndTables (test TEXT NULL)
2019-03-29 15:39:25.380 [main] INFO  liquibase.changelog.ChangeSet - Table TablesAndTables created
2019-03-29 15:39:25.380 [main] INFO  liquibase.changelog.ChangeSet - ChangeSet classpath:liqiubase/db-changelog.xml::201903291531::authorName ran successfully in 17ms
2019-03-29 15:39:25.381 [main] INFO  liquibase.executor.jvm.JdbcExecutor - SELECT MAX(ORDEREXECUTED) FROM oe.DATABASECHANGELOG
2019-03-29 15:39:25.383 [main] INFO  liquibase.executor.jvm.JdbcExecutor - INSERT INTO oe.DATABASECHANGELOG (ID, AUTHOR, FILENAME, DATEEXECUTED, ORDEREXECUTED, MD5SUM, `DESCRIPTION`, COMMENTS, EXECTYPE, CONTEXTS, LABELS, LIQUIBASE, DEPLOYMENT_ID) VALUES ('201903291531', 'authorName', 'classpath:liqiubase/db-changelog.xml', NOW(), 1, '8:1b6abd7e70806f9368b4bfcabd80166e', 'createTable tableName=TablesAndTables', '', 'EXECUTED', NULL, NULL, '3.6.2', '3845165360')
2019-03-29 15:39:25.389 [main] INFO  liquibase.lockservice.StandardLockService - Successfully released change log lock
2019-03-29 15:39:25.464 [main] INFO  org.apache.coyote.http11.Http11NioProtocol - Starting ProtocolHandler ["http-nio-8080"]
2019-03-29 15:39:25.474 [main] INFO  org.apache.tomcat.util.net.NioSelectorPool - Using a shared selector for servlet write/read
2019-03-29 15:39:25.489 [main] INFO  o.s.boot.web.embedded.tomcat.TomcatWebServer - Tomcat started on port(s): 8080 (http) with context path ''
2019-03-29 15:39:25.493 [main] INFO  com.oe.account.OeApplication - Started OeApplication in 2.98 seconds (JVM running for 3.745)
2019-03-29 16:11:03.087 [main] INFO  com.oe.account.OeApplication - Starting OeApplication on PC-WANGWJ8 with PID 25756 (D:\work\oe-account\account-web\target\classes started by wangwj in D:\work\oe-account)
2019-03-29 16:11:03.091 [main] INFO  com.oe.account.OeApplication - No active profile set, falling back to default profiles: default
2019-03-29 16:11:04.068 [main] INFO  o.s.boot.web.embedded.tomcat.TomcatWebServer - Tomcat initialized with port(s): 8080 (http)
2019-03-29 16:11:04.077 [main] INFO  org.apache.coyote.http11.Http11NioProtocol - Initializing ProtocolHandler ["http-nio-8080"]
2019-03-29 16:11:04.084 [main] INFO  org.apache.catalina.core.StandardService - Starting service [Tomcat]
2019-03-29 16:11:04.084 [main] INFO  org.apache.catalina.core.StandardEngine - Starting Servlet Engine: Apache Tomcat/9.0.13
2019-03-29 16:11:04.088 [main] INFO  org.apache.catalina.core.AprLifecycleListener - The APR based Apache Tomcat Native library which allows optimal performance in production environments was not found on the java.library.path: [D:\deploy\java8\bin;C:\WINDOWS\Sun\Java\bin;C:\WINDOWS\system32;C:\WINDOWS;C:\Program Files\Python37\Scripts\;C:\Program Files\Python37\;C:\WINDOWS\system32;C:\WINDOWS;C:\WINDOWS\System32\Wbem;C:\WINDOWS\System32\WindowsPowerShell\v1.0\;C:\Users\wangwj\software\Git\cmd;C:\Program Files\TortoiseSVN\bin;C:\WINDOWS\System32\OpenSSH\;C:\Go\bin;C:\Users\wangwj\AppData\Local\Microsoft\WindowsApps;D:\deploy\java8\bin;D:\deploy\java8\jre\bin;;C:\Users\wangwj\software\Fiddler;C:\Users\wangwj\AppData\Local\Microsoft\WindowsApps;C:\Users\wangwj\go\bin;C:\Users\wangwj\software\ VS Code\bin;.]
2019-03-29 16:11:04.151 [main] INFO  o.a.c.core.ContainerBase.[Tomcat].[localhost].[/] - Initializing Spring embedded WebApplicationContext
2019-03-29 16:11:04.151 [main] INFO  org.springframework.web.context.ContextLoader - Root WebApplicationContext: initialization completed in 1022 ms
2019-03-29 16:11:04.307 [main] INFO  o.s.scheduling.concurrent.ThreadPoolTaskExecutor - Initializing ExecutorService 'applicationTaskExecutor'
2019-03-29 16:11:04.545 [main] INFO  com.alibaba.druid.pool.DruidDataSource - {dataSource-1} inited
2019-03-29 16:11:05.016 [main] INFO  liquibase.executor.jvm.JdbcExecutor - SELECT COUNT(*) FROM oe.DATABASECHANGELOGLOCK
2019-03-29 16:11:05.021 [main] INFO  liquibase.executor.jvm.JdbcExecutor - SELECT COUNT(*) FROM oe.DATABASECHANGELOGLOCK
2019-03-29 16:11:05.022 [main] INFO  liquibase.executor.jvm.JdbcExecutor - SELECT `LOCKED` FROM oe.DATABASECHANGELOGLOCK WHERE ID=1
2019-03-29 16:11:05.039 [main] INFO  liquibase.lockservice.StandardLockService - Successfully acquired change log lock
2019-03-29 16:11:05.475 [main] INFO  liquibase.executor.jvm.JdbcExecutor - SELECT MD5SUM FROM oe.DATABASECHANGELOG WHERE MD5SUM IS NOT NULL LIMIT 1
2019-03-29 16:11:05.476 [main] INFO  liquibase.executor.jvm.JdbcExecutor - SELECT COUNT(*) FROM oe.DATABASECHANGELOG
2019-03-29 16:11:05.477 [main] INFO  l.changelog.StandardChangeLogHistoryService - Reading from oe.DATABASECHANGELOG
2019-03-29 16:11:05.477 [main] INFO  liquibase.executor.jvm.JdbcExecutor - SELECT * FROM oe.DATABASECHANGELOG ORDER BY DATEEXECUTED ASC, ORDEREXECUTED ASC
2019-03-29 16:11:05.493 [main] INFO  liquibase.executor.jvm.JdbcExecutor - CREATE TABLE oe.user (id BIGINT NOT NULL, username VARCHAR(100) NULL COMMENT '用户名', password VARCHAR(256) NULL, role_id BIGINT NULL COMMENT '角色id', CONSTRAINT PK_USER PRIMARY KEY (id))
2019-03-29 16:11:05.507 [main] INFO  liquibase.changelog.ChangeSet - Table user created
2019-03-29 16:11:05.508 [main] INFO  liquibase.executor.jvm.JdbcExecutor - CREATE TABLE oe.`role` (id BIGINT NOT NULL, role_name VARCHAR(100) NULL COMMENT '用户名', CONSTRAINT PK_ROLE PRIMARY KEY (id))
2019-03-29 16:11:05.522 [main] INFO  liquibase.changelog.ChangeSet - Table role created
2019-03-29 16:11:05.523 [main] INFO  liquibase.executor.jvm.JdbcExecutor - CREATE TABLE oe.permission (id BIGINT NOT NULL, permission_name VARCHAR(256) NULL, CONSTRAINT PK_PERMISSION PRIMARY KEY (id))
2019-03-29 16:11:05.540 [main] INFO  liquibase.changelog.ChangeSet - Table permission created
2019-03-29 16:11:05.540 [main] INFO  liquibase.executor.jvm.JdbcExecutor - CREATE TABLE oe.role_permission (id BIGINT NOT NULL, role_id BIGINT NULL, permission_id BIGINT NULL, CONSTRAINT PK_ROLE_PERMISSION PRIMARY KEY (id))
2019-03-29 16:11:05.555 [main] INFO  liquibase.changelog.ChangeSet - Table role_permission created
2019-03-29 16:11:05.556 [main] INFO  liquibase.changelog.ChangeSet - ChangeSet classpath:liqiubase/db-changelog.xml::201903291531::wangwenjie ran successfully in 64ms
2019-03-29 16:11:05.556 [main] INFO  liquibase.executor.jvm.JdbcExecutor - SELECT MAX(ORDEREXECUTED) FROM oe.DATABASECHANGELOG
2019-03-29 16:11:05.562 [main] INFO  liquibase.executor.jvm.JdbcExecutor - INSERT INTO oe.DATABASECHANGELOG (ID, AUTHOR, FILENAME, DATEEXECUTED, ORDEREXECUTED, MD5SUM, `DESCRIPTION`, COMMENTS, EXECTYPE, CONTEXTS, LABELS, LIQUIBASE, DEPLOYMENT_ID) VALUES ('201903291531', 'wangwenjie', 'classpath:liqiubase/db-changelog.xml', NOW(), 1, '8:75f2fe2dfac0ef5aadd7fe3cdfe3a37f', 'createTable tableName=user; createTable tableName=role; createTable tableName=permission; createTable tableName=role_permission', '', 'EXECUTED', NULL, NULL, '3.6.2', '3847065478')
2019-03-29 16:11:05.569 [main] INFO  liquibase.lockservice.StandardLockService - Successfully released change log lock
2019-03-29 16:11:05.624 [main] INFO  org.apache.coyote.http11.Http11NioProtocol - Starting ProtocolHandler ["http-nio-8080"]
2019-03-29 16:11:05.633 [main] INFO  org.apache.tomcat.util.net.NioSelectorPool - Using a shared selector for servlet write/read
2019-03-29 16:11:05.645 [main] INFO  o.s.boot.web.embedded.tomcat.TomcatWebServer - Tomcat started on port(s): 8080 (http) with context path ''
2019-03-29 16:11:05.647 [main] INFO  com.oe.account.OeApplication - Started OeApplication in 2.989 seconds (JVM running for 3.749)
2019-03-29 17:21:04.060 [main] INFO  com.oe.account.OeApplication - Starting OeApplication on PC-WANGWJ8 with PID 30428 (D:\work\oe-account\account-web\target\classes started by wangwj in D:\work\oe-account)
2019-03-29 17:21:04.064 [main] INFO  com.oe.account.OeApplication - No active profile set, falling back to default profiles: default
2019-03-29 17:21:04.533 [main] WARN  org.mybatis.spring.mapper.ClassPathMapperScanner - No MyBatis mapper was found in '[com.oe.account]' package. Please check your configuration.
2019-03-29 17:21:04.927 [main] INFO  o.s.boot.web.embedded.tomcat.TomcatWebServer - Tomcat initialized with port(s): 8080 (http)
2019-03-29 17:21:04.936 [main] INFO  org.apache.coyote.http11.Http11NioProtocol - Initializing ProtocolHandler ["http-nio-8080"]
2019-03-29 17:21:04.942 [main] INFO  org.apache.catalina.core.StandardService - Starting service [Tomcat]
2019-03-29 17:21:04.943 [main] INFO  org.apache.catalina.core.StandardEngine - Starting Servlet Engine: Apache Tomcat/9.0.13
2019-03-29 17:21:04.947 [main] INFO  org.apache.catalina.core.AprLifecycleListener - The APR based Apache Tomcat Native library which allows optimal performance in production environments was not found on the java.library.path: [D:\deploy\java8\bin;C:\WINDOWS\Sun\Java\bin;C:\WINDOWS\system32;C:\WINDOWS;C:\Program Files\Python37\Scripts\;C:\Program Files\Python37\;C:\WINDOWS\system32;C:\WINDOWS;C:\WINDOWS\System32\Wbem;C:\WINDOWS\System32\WindowsPowerShell\v1.0\;C:\Users\wangwj\software\Git\cmd;C:\Program Files\TortoiseSVN\bin;C:\WINDOWS\System32\OpenSSH\;C:\Go\bin;C:\Users\wangwj\AppData\Local\Microsoft\WindowsApps;D:\deploy\java8\bin;D:\deploy\java8\jre\bin;;C:\Users\wangwj\software\Fiddler;C:\Users\wangwj\AppData\Local\Microsoft\WindowsApps;C:\Users\wangwj\go\bin;C:\Users\wangwj\software\ VS Code\bin;.]
2019-03-29 17:21:05.014 [main] INFO  o.a.c.core.ContainerBase.[Tomcat].[localhost].[/] - Initializing Spring embedded WebApplicationContext
2019-03-29 17:21:05.014 [main] INFO  org.springframework.web.context.ContextLoader - Root WebApplicationContext: initialization completed in 867 ms
2019-03-29 17:21:05.063 [main] WARN  o.s.b.w.s.c.AnnotationConfigServletWebServerApplicationContext - Exception encountered during context initialization - cancelling refresh attempt: org.springframework.beans.factory.UnsatisfiedDependencyException: Error creating bean with name 'myRealm': Unsatisfied dependency expressed through field 'userService'; nested exception is org.springframework.beans.factory.UnsatisfiedDependencyException: Error creating bean with name 'userServiceImpl': Unsatisfied dependency expressed through field 'userDao'; nested exception is org.springframework.beans.factory.UnsatisfiedDependencyException: Error creating bean with name 'userDaoImpl': Unsatisfied dependency expressed through field 'userMapper'; nested exception is org.springframework.beans.factory.NoSuchBeanDefinitionException: No qualifying bean of type 'com.oe.account.mapper.UserMapper' available: expected at least 1 bean which qualifies as autowire candidate. Dependency annotations: {@org.springframework.beans.factory.annotation.Autowired(required=true)}
2019-03-29 17:21:05.065 [main] INFO  org.apache.catalina.core.StandardService - Stopping service [Tomcat]
2019-03-29 17:21:05.080 [main] INFO  o.s.b.a.l.ConditionEvaluationReportLoggingListener - 

Error starting ApplicationContext. To display the conditions report re-run your application with 'debug' enabled.
2019-03-29 17:21:05.174 [main] ERROR o.s.b.diagnostics.LoggingFailureAnalysisReporter - 

***************************
APPLICATION FAILED TO START
***************************

Description:

Field userMapper in com.oe.account.impl.UserDaoImpl required a bean of type 'com.oe.account.mapper.UserMapper' that could not be found.

The injection point has the following annotations:
	- @org.springframework.beans.factory.annotation.Autowired(required=true)


Action:

Consider defining a bean of type 'com.oe.account.mapper.UserMapper' in your configuration.

2019-03-29 17:22:40.209 [main] INFO  com.oe.account.OeApplication - Starting OeApplication on PC-WANGWJ8 with PID 25280 (D:\work\oe-account\account-web\target\classes started by wangwj in D:\work\oe-account)
2019-03-29 17:22:40.213 [main] INFO  com.oe.account.OeApplication - No active profile set, falling back to default profiles: default
2019-03-29 17:22:40.732 [main] WARN  org.mybatis.spring.mapper.ClassPathMapperScanner - No MyBatis mapper was found in '[com.oe.account]' package. Please check your configuration.
2019-03-29 17:22:41.131 [main] INFO  o.s.boot.web.embedded.tomcat.TomcatWebServer - Tomcat initialized with port(s): 8080 (http)
2019-03-29 17:22:41.140 [main] INFO  org.apache.coyote.http11.Http11NioProtocol - Initializing ProtocolHandler ["http-nio-8080"]
2019-03-29 17:22:41.147 [main] INFO  org.apache.catalina.core.StandardService - Starting service [Tomcat]
2019-03-29 17:22:41.147 [main] INFO  org.apache.catalina.core.StandardEngine - Starting Servlet Engine: Apache Tomcat/9.0.13
2019-03-29 17:22:41.151 [main] INFO  org.apache.catalina.core.AprLifecycleListener - The APR based Apache Tomcat Native library which allows optimal performance in production environments was not found on the java.library.path: [D:\deploy\java8\bin;C:\WINDOWS\Sun\Java\bin;C:\WINDOWS\system32;C:\WINDOWS;C:\Program Files\Python37\Scripts\;C:\Program Files\Python37\;C:\WINDOWS\system32;C:\WINDOWS;C:\WINDOWS\System32\Wbem;C:\WINDOWS\System32\WindowsPowerShell\v1.0\;C:\Users\wangwj\software\Git\cmd;C:\Program Files\TortoiseSVN\bin;C:\WINDOWS\System32\OpenSSH\;C:\Go\bin;C:\Users\wangwj\AppData\Local\Microsoft\WindowsApps;D:\deploy\java8\bin;D:\deploy\java8\jre\bin;;C:\Users\wangwj\software\Fiddler;C:\Users\wangwj\AppData\Local\Microsoft\WindowsApps;C:\Users\wangwj\go\bin;C:\Users\wangwj\software\ VS Code\bin;.]
2019-03-29 17:22:41.218 [main] INFO  o.a.c.core.ContainerBase.[Tomcat].[localhost].[/] - Initializing Spring embedded WebApplicationContext
2019-03-29 17:22:41.219 [main] INFO  org.springframework.web.context.ContextLoader - Root WebApplicationContext: initialization completed in 922 ms
2019-03-29 17:22:41.263 [main] WARN  o.s.b.w.s.c.AnnotationConfigServletWebServerApplicationContext - Exception encountered during context initialization - cancelling refresh attempt: org.springframework.beans.factory.UnsatisfiedDependencyException: Error creating bean with name 'myRealm': Unsatisfied dependency expressed through field 'userService'; nested exception is org.springframework.beans.factory.UnsatisfiedDependencyException: Error creating bean with name 'userServiceImpl': Unsatisfied dependency expressed through field 'userDao'; nested exception is org.springframework.beans.factory.UnsatisfiedDependencyException: Error creating bean with name 'userDaoImpl': Unsatisfied dependency expressed through field 'userMapper'; nested exception is org.springframework.beans.factory.NoSuchBeanDefinitionException: No qualifying bean of type 'com.oe.account.mapper.UserMapper' available: expected at least 1 bean which qualifies as autowire candidate. Dependency annotations: {@org.springframework.beans.factory.annotation.Autowired(required=true)}
2019-03-29 17:22:41.265 [main] INFO  org.apache.catalina.core.StandardService - Stopping service [Tomcat]
2019-03-29 17:22:41.279 [main] INFO  o.s.b.a.l.ConditionEvaluationReportLoggingListener - 

Error starting ApplicationContext. To display the conditions report re-run your application with 'debug' enabled.
2019-03-29 17:22:41.350 [main] ERROR o.s.b.diagnostics.LoggingFailureAnalysisReporter - 

***************************
APPLICATION FAILED TO START
***************************

Description:

Field userMapper in com.oe.account.impl.UserDaoImpl required a bean of type 'com.oe.account.mapper.UserMapper' that could not be found.

The injection point has the following annotations:
	- @org.springframework.beans.factory.annotation.Autowired(required=true)


Action:

Consider defining a bean of type 'com.oe.account.mapper.UserMapper' in your configuration.

2019-03-29 17:25:14.582 [main] INFO  com.oe.account.OeApplication - Starting OeApplication on PC-WANGWJ8 with PID 26016 (D:\work\oe-account\account-web\target\classes started by wangwj in D:\work\oe-account)
2019-03-29 17:25:14.586 [main] INFO  com.oe.account.OeApplication - No active profile set, falling back to default profiles: default
2019-03-29 17:25:15.114 [main] WARN  org.mybatis.spring.mapper.ClassPathMapperScanner - No MyBatis mapper was found in '[com.oe.account]' package. Please check your configuration.
2019-03-29 17:25:15.539 [main] INFO  o.s.boot.web.embedded.tomcat.TomcatWebServer - Tomcat initialized with port(s): 8080 (http)
2019-03-29 17:25:15.548 [main] INFO  org.apache.coyote.http11.Http11NioProtocol - Initializing ProtocolHandler ["http-nio-8080"]
2019-03-29 17:25:15.555 [main] INFO  org.apache.catalina.core.StandardService - Starting service [Tomcat]
2019-03-29 17:25:15.555 [main] INFO  org.apache.catalina.core.StandardEngine - Starting Servlet Engine: Apache Tomcat/9.0.13
2019-03-29 17:25:15.559 [main] INFO  org.apache.catalina.core.AprLifecycleListener - The APR based Apache Tomcat Native library which allows optimal performance in production environments was not found on the java.library.path: [D:\deploy\java8\bin;C:\WINDOWS\Sun\Java\bin;C:\WINDOWS\system32;C:\WINDOWS;C:\Program Files\Python37\Scripts\;C:\Program Files\Python37\;C:\WINDOWS\system32;C:\WINDOWS;C:\WINDOWS\System32\Wbem;C:\WINDOWS\System32\WindowsPowerShell\v1.0\;C:\Users\wangwj\software\Git\cmd;C:\Program Files\TortoiseSVN\bin;C:\WINDOWS\System32\OpenSSH\;C:\Go\bin;C:\Users\wangwj\AppData\Local\Microsoft\WindowsApps;D:\deploy\java8\bin;D:\deploy\java8\jre\bin;;C:\Users\wangwj\software\Fiddler;C:\Users\wangwj\AppData\Local\Microsoft\WindowsApps;C:\Users\wangwj\go\bin;C:\Users\wangwj\software\ VS Code\bin;.]
2019-03-29 17:25:15.625 [main] INFO  o.a.c.core.ContainerBase.[Tomcat].[localhost].[/] - Initializing Spring embedded WebApplicationContext
2019-03-29 17:25:15.625 [main] INFO  org.springframework.web.context.ContextLoader - Root WebApplicationContext: initialization completed in 986 ms
2019-03-29 17:25:15.671 [main] WARN  o.s.b.w.s.c.AnnotationConfigServletWebServerApplicationContext - Exception encountered during context initialization - cancelling refresh attempt: org.springframework.beans.factory.UnsatisfiedDependencyException: Error creating bean with name 'myRealm': Unsatisfied dependency expressed through field 'userService'; nested exception is org.springframework.beans.factory.UnsatisfiedDependencyException: Error creating bean with name 'userServiceImpl': Unsatisfied dependency expressed through field 'userDao'; nested exception is org.springframework.beans.factory.UnsatisfiedDependencyException: Error creating bean with name 'userDaoImpl': Unsatisfied dependency expressed through field 'userMapper'; nested exception is org.springframework.beans.factory.NoSuchBeanDefinitionException: No qualifying bean of type 'com.oe.account.mapper.UserMapper' available: expected at least 1 bean which qualifies as autowire candidate. Dependency annotations: {@org.springframework.beans.factory.annotation.Autowired(required=true)}
2019-03-29 17:25:15.673 [main] INFO  org.apache.catalina.core.StandardService - Stopping service [Tomcat]
2019-03-29 17:25:15.687 [main] INFO  o.s.b.a.l.ConditionEvaluationReportLoggingListener - 

Error starting ApplicationContext. To display the conditions report re-run your application with 'debug' enabled.
2019-03-29 17:25:15.759 [main] ERROR o.s.b.diagnostics.LoggingFailureAnalysisReporter - 

***************************
APPLICATION FAILED TO START
***************************

Description:

Field userMapper in com.oe.account.impl.UserDaoImpl required a bean of type 'com.oe.account.mapper.UserMapper' that could not be found.

The injection point has the following annotations:
	- @org.springframework.beans.factory.annotation.Autowired(required=true)


Action:

Consider defining a bean of type 'com.oe.account.mapper.UserMapper' in your configuration.

2019-03-29 17:30:08.373 [main] INFO  com.oe.account.OeApplication - Starting OeApplication on PC-WANGWJ8 with PID 35700 (D:\work\oe-account\account-web\target\classes started by wangwj in D:\work\oe-account)
2019-03-29 17:30:08.376 [main] INFO  com.oe.account.OeApplication - No active profile set, falling back to default profiles: default
2019-03-29 17:30:09.442 [main] INFO  o.s.boot.web.embedded.tomcat.TomcatWebServer - Tomcat initialized with port(s): 8080 (http)
2019-03-29 17:30:09.451 [main] INFO  org.apache.coyote.http11.Http11NioProtocol - Initializing ProtocolHandler ["http-nio-8080"]
2019-03-29 17:30:09.458 [main] INFO  org.apache.catalina.core.StandardService - Starting service [Tomcat]
2019-03-29 17:30:09.458 [main] INFO  org.apache.catalina.core.StandardEngine - Starting Servlet Engine: Apache Tomcat/9.0.13
2019-03-29 17:30:09.462 [main] INFO  org.apache.catalina.core.AprLifecycleListener - The APR based Apache Tomcat Native library which allows optimal performance in production environments was not found on the java.library.path: [D:\deploy\java8\bin;C:\WINDOWS\Sun\Java\bin;C:\WINDOWS\system32;C:\WINDOWS;C:\Program Files\Python37\Scripts\;C:\Program Files\Python37\;C:\WINDOWS\system32;C:\WINDOWS;C:\WINDOWS\System32\Wbem;C:\WINDOWS\System32\WindowsPowerShell\v1.0\;C:\Users\wangwj\software\Git\cmd;C:\Program Files\TortoiseSVN\bin;C:\WINDOWS\System32\OpenSSH\;C:\Go\bin;C:\Users\wangwj\AppData\Local\Microsoft\WindowsApps;D:\deploy\java8\bin;D:\deploy\java8\jre\bin;;C:\Users\wangwj\software\Fiddler;C:\Users\wangwj\AppData\Local\Microsoft\WindowsApps;C:\Users\wangwj\go\bin;C:\Users\wangwj\software\ VS Code\bin;.]
2019-03-29 17:30:09.530 [main] INFO  o.a.c.core.ContainerBase.[Tomcat].[localhost].[/] - Initializing Spring embedded WebApplicationContext
2019-03-29 17:30:09.531 [main] INFO  org.springframework.web.context.ContextLoader - Root WebApplicationContext: initialization completed in 1110 ms
2019-03-29 17:30:09.721 [main] INFO  com.alibaba.druid.pool.DruidDataSource - {dataSource-1} inited
2019-03-29 17:30:10.278 [main] INFO  o.s.scheduling.concurrent.ThreadPoolTaskExecutor - Initializing ExecutorService 'applicationTaskExecutor'
2019-03-29 17:30:10.750 [main] INFO  liquibase.executor.jvm.JdbcExecutor - SELECT COUNT(*) FROM oe.DATABASECHANGELOGLOCK
2019-03-29 17:30:10.756 [main] INFO  liquibase.executor.jvm.JdbcExecutor - SELECT COUNT(*) FROM oe.DATABASECHANGELOGLOCK
2019-03-29 17:30:10.757 [main] INFO  liquibase.executor.jvm.JdbcExecutor - SELECT `LOCKED` FROM oe.DATABASECHANGELOGLOCK WHERE ID=1
2019-03-29 17:30:10.765 [main] INFO  liquibase.lockservice.StandardLockService - Successfully acquired change log lock
2019-03-29 17:30:11.192 [main] INFO  liquibase.executor.jvm.JdbcExecutor - SELECT MD5SUM FROM oe.DATABASECHANGELOG WHERE MD5SUM IS NOT NULL LIMIT 1
2019-03-29 17:30:11.193 [main] INFO  liquibase.executor.jvm.JdbcExecutor - SELECT COUNT(*) FROM oe.DATABASECHANGELOG
2019-03-29 17:30:11.194 [main] INFO  l.changelog.StandardChangeLogHistoryService - Reading from oe.DATABASECHANGELOG
2019-03-29 17:30:11.194 [main] INFO  liquibase.executor.jvm.JdbcExecutor - SELECT * FROM oe.DATABASECHANGELOG ORDER BY DATEEXECUTED ASC, ORDEREXECUTED ASC
2019-03-29 17:30:11.213 [main] INFO  liquibase.lockservice.StandardLockService - Successfully released change log lock
2019-03-29 17:30:11.214 [main] WARN  o.s.b.w.s.c.AnnotationConfigServletWebServerApplicationContext - Exception encountered during context initialization - cancelling refresh attempt: org.springframework.beans.factory.BeanCreationException: Error creating bean with name 'liquibase' defined in class path resource [org/springframework/boot/autoconfigure/liquibase/LiquibaseAutoConfiguration$LiquibaseConfiguration.class]: Invocation of init method failed; nested exception is liquibase.exception.ValidationFailedException: Validation Failed:
     1 change sets check sum
          classpath:liqiubase/db-changelog.xml::201903291531::wangwenjie was: 8:75f2fe2dfac0ef5aadd7fe3cdfe3a37f but is now: 8:088165a2d5483ff9f182dc1d91816f87

2019-03-29 17:30:11.215 [main] INFO  o.s.scheduling.concurrent.ThreadPoolTaskExecutor - Shutting down ExecutorService 'applicationTaskExecutor'
2019-03-29 17:30:11.216 [main] INFO  com.alibaba.druid.pool.DruidDataSource - {dataSource-1} closed
2019-03-29 17:30:11.218 [main] INFO  org.apache.catalina.core.StandardService - Stopping service [Tomcat]
2019-03-29 17:30:11.226 [main] INFO  o.s.b.a.l.ConditionEvaluationReportLoggingListener - 

Error starting ApplicationContext. To display the conditions report re-run your application with 'debug' enabled.
2019-03-29 17:30:11.232 [main] ERROR org.springframework.boot.SpringApplication - Application run failed
org.springframework.beans.factory.BeanCreationException: Error creating bean with name 'liquibase' defined in class path resource [org/springframework/boot/autoconfigure/liquibase/LiquibaseAutoConfiguration$LiquibaseConfiguration.class]: Invocation of init method failed; nested exception is liquibase.exception.ValidationFailedException: Validation Failed:
     1 change sets check sum
          classpath:liqiubase/db-changelog.xml::201903291531::wangwenjie was: 8:75f2fe2dfac0ef5aadd7fe3cdfe3a37f but is now: 8:088165a2d5483ff9f182dc1d91816f87

	at org.springframework.beans.factory.support.AbstractAutowireCapableBeanFactory.initializeBean(AbstractAutowireCapableBeanFactory.java:1745)
	at org.springframework.beans.factory.support.AbstractAutowireCapableBeanFactory.doCreateBean(AbstractAutowireCapableBeanFactory.java:576)
	at org.springframework.beans.factory.support.AbstractAutowireCapableBeanFactory.createBean(AbstractAutowireCapableBeanFactory.java:498)
	at org.springframework.beans.factory.support.AbstractBeanFactory.lambda$doGetBean$0(AbstractBeanFactory.java:320)
	at org.springframework.beans.factory.support.DefaultSingletonBeanRegistry.getSingleton(DefaultSingletonBeanRegistry.java:222)
	at org.springframework.beans.factory.support.AbstractBeanFactory.doGetBean(AbstractBeanFactory.java:318)
	at org.springframework.beans.factory.support.AbstractBeanFactory.getBean(AbstractBeanFactory.java:199)
	at org.springframework.beans.factory.support.AbstractBeanFactory.doGetBean(AbstractBeanFactory.java:307)
	at org.springframework.beans.factory.support.AbstractBeanFactory.getBean(AbstractBeanFactory.java:199)
	at org.springframework.beans.factory.support.DefaultListableBeanFactory.preInstantiateSingletons(DefaultListableBeanFactory.java:846)
	at org.springframework.context.support.AbstractApplicationContext.finishBeanFactoryInitialization(AbstractApplicationContext.java:863)
	at org.springframework.context.support.AbstractApplicationContext.refresh(AbstractApplicationContext.java:546)
	at org.springframework.boot.web.servlet.context.ServletWebServerApplicationContext.refresh(ServletWebServerApplicationContext.java:142)
	at org.springframework.boot.SpringApplication.refresh(SpringApplication.java:775)
	at org.springframework.boot.SpringApplication.refreshContext(SpringApplication.java:397)
	at org.springframework.boot.SpringApplication.run(SpringApplication.java:316)
	at org.springframework.boot.SpringApplication.run(SpringApplication.java:1260)
	at org.springframework.boot.SpringApplication.run(SpringApplication.java:1248)
	at com.oe.account.OeApplication.main(OeApplication.java:15)
Caused by: liquibase.exception.ValidationFailedException: Validation Failed:
     1 change sets check sum
          classpath:liqiubase/db-changelog.xml::201903291531::wangwenjie was: 8:75f2fe2dfac0ef5aadd7fe3cdfe3a37f but is now: 8:088165a2d5483ff9f182dc1d91816f87

	at liquibase.changelog.DatabaseChangeLog.validate(DatabaseChangeLog.java:276)
	at liquibase.Liquibase.update(Liquibase.java:198)
	at liquibase.Liquibase.update(Liquibase.java:179)
	at liquibase.integration.spring.SpringLiquibase.performUpdate(SpringLiquibase.java:353)
	at liquibase.integration.spring.SpringLiquibase.afterPropertiesSet(SpringLiquibase.java:305)
	at org.springframework.beans.factory.support.AbstractAutowireCapableBeanFactory.invokeInitMethods(AbstractAutowireCapableBeanFactory.java:1804)
	at org.springframework.beans.factory.support.AbstractAutowireCapableBeanFactory.initializeBean(AbstractAutowireCapableBeanFactory.java:1741)
	... 18 common frames omitted
